"E:/Hand_Tracking/Content/BP_OculusHand.uasset" 0
"E:/Hand_Tracking/Content/S_Gesture.uasset" 1
"E:/Hand_Tracking/Content/BP_SavegameGesture.uasset" 2
"E:/Hand_Tracking/Content/Geometry/Meshes/CubeMaterial.uasset" 3
"E:/Hand_Tracking/Content/Geometry/Meshes/1M_Cube_Chamfer.uasset" 4
"E:/Hand_Tracking/Content/Geometry/Meshes/EditorSphere.uasset" 5
"E:/Hand_Tracking/Content/Geometry/Meshes/TemplateFloor.uasset" 6
"E:/Hand_Tracking/Content/Hands/Models/HandMatPose.uasset" 7
"E:/Hand_Tracking/Content/Hands/Models/HandMatSkel.uasset" 8
"E:/Hand_Tracking/Content/Hands/Models/OculusHand_L_Skeleton.uasset" 9
"../../../Engine/Content/Animation/DefaultAnimCurveCompressionSettings.uasset" 10
"../../../Engine/Content/Animation/DefaultAnimBoneCompressionSettings.uasset" 11
"E:/Hand_Tracking/Content/Hands/Models/LeftHand_Open.uasset" 12
"E:/Hand_Tracking/Content/Hands/Models/LeftHand_Sphere.uasset" 13
"E:/Hand_Tracking/Content/Hands/Models/OculusHand_R_Skeleton.uasset" 14
"E:/Hand_Tracking/Content/Hands/Models/RightHand_Workstation.uasset" 15
"E:/Hand_Tracking/Content/Hands/Models/RightHand_Sphere.uasset" 16
"E:/Hand_Tracking/Content/Hands/Models/Righthand_Point.uasset" 17
"E:/Hand_Tracking/Content/Hands/Models/RightHand_Open.uasset" 18
"E:/Hand_Tracking/Content/Hands/Models/RightHand_Humidifier.uasset" 19
"E:/Hand_Tracking/Content/Hands/Models/HandRight_Cube.uasset" 20
"E:/Hand_Tracking/Content/Hands/Models/NewBlendSpace.uasset" 21
"../../../Engine/Content/Animation/DefaultRecorderBoneCompression.uasset" 22
"E:/Hand_Tracking/Content/Hands/Models/Tweezers.uasset" 23
"E:/Hand_Tracking/Content/Sounds/HitGroundSound.uasset" 24
"E:/Hand_Tracking/Content/Models/lambert8.uasset" 25
"E:/Hand_Tracking/Content/Models/lambert1.uasset" 26
"E:/Hand_Tracking/Content/Models/cart_Wheels.uasset" 27
"E:/Hand_Tracking/Content/VirtualRealityCPP/cart_Wheels_Blueprint.uasset" 28
"E:/Hand_Tracking/Content/BPC_PickupObject.uasset" 29
"E:/Hand_Tracking/Content/VirtualRealityBP/Blueprints/PickupActorInterface.uasset" 30
"E:/Hand_Tracking/Content/VirtualReality/Materials/M_BaseMaterial.uasset" 31
"E:/Hand_Tracking/Content/VirtualReality/Materials/MI_SmallCubes.uasset" 32
"E:/Hand_Tracking/Content/Geometry/Meshes/1M_Cube.uasset" 33
"../../../Engine/Content/EditorBlueprintResources/StandardMacros.uasset" 34
"../../../Engine/Content/EngineMaterials/T_Default_Material_Grid_N.uasset" 35
"../../../Engine/Content/EngineMaterials/T_Default_Material_Grid_M.uasset" 36
"../../../Engine/Content/Functions/Engine_MaterialFunctions01/Opacity/CameraDepthFade.uasset" 37
"../../../Engine/Content/EngineMaterials/WorldGridMaterial.uasset" 38
"E:/Hand_Tracking/Content/VirtualReality/Meshes/BeaconDirection.uasset" 39
"E:/Hand_Tracking/Content/VirtualReality/Meshes/1x1_cube.uasset" 40
"../../../Engine/Content/EngineMaterials/Good64x64TilingNoiseHighFreq.uasset" 41
"E:/Hand_Tracking/Content/VirtualReality/Materials/TeleportMCP.uasset" 42
"../../../Engine/Content/Functions/Engine_MaterialFunctions02/Utility/CameraDirectionVector.uasset" 43
"../../../Engine/Content/Functions/Engine_MaterialFunctions02/Utility/BreakOutFloat2Components.uasset" 44
"../../../Engine/Content/Functions/Engine_MaterialFunctions02/ScreenResolution.uasset" 45
"../../../Engine/Content/Functions/Engine_MaterialFunctions01/Texturing/ScaleUVsByCenter.uasset" 46
"../../../Engine/Content/Functions/Engine_MaterialFunctions02/Texturing/ScreenAlignedUVs.uasset" 47
"../../../Engine/Content/Functions/Engine_MaterialFunctions02/Utility/DepthFromWorldPosition.uasset" 48
"E:/Hand_Tracking/Content/VirtualReality/Materials/MF_OccludedPixels.uasset" 49
"E:/Hand_Tracking/Content/VirtualReality/Materials/M_SplineArcMat.uasset" 50
"E:/Hand_Tracking/Content/VirtualReality/Materials/M_ArcEndpoint.uasset" 51
"../../../Engine/Content/EngineMaterials/DefaultMaterial.uasset" 52
"../../../Engine/Content/BasicShapes/Cylinder.uasset" 53
"E:/Hand_Tracking/Content/VirtualReality/Materials/M_TeleportPreviews.uasset" 54
"E:/Hand_Tracking/Content/VirtualReality/Materials/MI_TeleportCylinderPreview.uasset" 55
"E:/Hand_Tracking/Content/VirtualReality/Materials/MI_ChaperoneOutline.uasset" 56
"E:/Hand_Tracking/Content/VR_Hands/Meshes/VRHand_Right_PhysicsAsset.uasset" 57
"E:/Hand_Tracking/Content/VR_Hands/Textures/SSS/T_Hand_SSS.uasset" 58
"E:/Hand_Tracking/Content/VirtualReality/Mannequin/Character/Textures/T_StylizedManHand_ORM.uasset" 59
"E:/Hand_Tracking/Content/VirtualReality/Mannequin/Character/Textures/T_StylizedManHand_BC.uasset" 60
"E:/Hand_Tracking/Content/VR_Hands/Textures/T_Example_N.uasset" 61
"E:/Hand_Tracking/Content/VR_Hands/Textures/T_Example_BC.uasset" 62
"E:/Hand_Tracking/Content/VR_Hands/Materials/Shaders/M_Master.uasset" 63
"E:/Hand_Tracking/Content/VirtualReality/Mannequin/Character/Materials/MI_StylizedManHand.uasset" 64
"E:/Hand_Tracking/Content/VirtualReality/Mannequin/Character/Mesh/MannequinHand_Right_Skeleton.uasset" 65
"E:/Hand_Tracking/Content/VirtualReality/Mannequin/Character/Mesh/StylizedManHand_Right.uasset" 66
"E:/Hand_Tracking/Content/VirtualRealityBP/Blueprints/GripEnum.uasset" 67
"E:/Hand_Tracking/Content/VirtualReality/Mannequin/Animations/PointAnimation.uasset" 68
"E:/Hand_Tracking/Content/VirtualReality/Mannequin/Animations/PickupTinyAnimation.uasset" 69
"E:/Hand_Tracking/Content/VirtualReality/Mannequin/Animations/MannequinHand_Right_Open.uasset" 70
"E:/Hand_Tracking/Content/VirtualReality/Mannequin/Animations/MannequinHand_Right_GrabPipet.uasset" 71
"E:/Hand_Tracking/Content/VirtualReality/Mannequin/Animations/MannequinHand_Right_Grab.uasset" 72
"E:/Hand_Tracking/Content/VirtualReality/Mannequin/Animations/MannequinHand_Right_CanGrab.uasset" 73
"E:/Hand_Tracking/Content/VirtualReality/Mannequin/Animations/RightHandGesture_BS.uasset" 74
"E:/Hand_Tracking/Content/VirtualReality/Mannequin/Animations/RightGrip_BS.uasset" 75
"E:/Hand_Tracking/Content/VirtualReality/Mannequin/Animations/RightHand_AnimBP.uasset" 76
"E:/Hand_Tracking/Content/UI_Elements/HandUI/UI_Hand.uasset" 77
"E:/Hand_Tracking/Content/UI_Elements/HandUI/ControllerUIMat.uasset" 78
"E:/Hand_Tracking/Content/UI_Elements/HandUI/HandUIMesh.uasset" 79
"E:/Hand_Tracking/Content/UI_Elements/HandUI/ControllerUIMatRed_Inst.uasset" 80
"E:/Hand_Tracking/Content/UI_Elements/HandUI/ControllerUIMatGreen_Inst.uasset" 81
"E:/Hand_Tracking/Content/VirtualRealityBP/Blueprints/MotionControllerHaptics.uasset" 82
"E:/Hand_Tracking/Content/Geometry/Meshes/lambert12.uasset" 83
"E:/Hand_Tracking/Content/VirtualRealityBP/Blueprints/Test_Blueprint.uasset" 84
"E:/Hand_Tracking/Content/VirtualReality/Meshes/SM_FatCylinder.uasset" 85
"E:/Hand_Tracking/Content/VirtualReality/Meshes/BeamMesh.uasset" 86
"E:/Hand_Tracking/Content/Sounds/BeepSound.uasset" 87
"../../../Engine/Content/BasicShapes/Sphere.uasset" 88
"E:/Hand_Tracking/Content/VirtualRealityBP/Blueprints/BP_MotionController.uasset" 89
"E:/Hand_Tracking/Content/VirtualRealityBP/Blueprints/BP_PickupCube.uasset" 90
"E:/Hand_Tracking/Content/Models/Textures/WorkstationOpacityTex.uasset" 91
"E:/Hand_Tracking/Content/Models/Textures/T_MacroVariation.uasset" 92
"E:/Hand_Tracking/Content/Models/01M_Metal_Chrome.uasset" 93
"E:/Hand_Tracking/Content/Test_Geometry/Test_Textures/FreezeDewar.uasset" 94
"E:/Hand_Tracking/Content/VirtualRealityCPP/Blueprints/BP_Inherited_from_C++/CleanFreezingDewar.uasset" 95
"E:/Hand_Tracking/Content/VirtualReality/Mannequin/Character/Textures/T_StylizedManHand_TX.uasset" 96
"E:/Hand_Tracking/Content/VirtualReality/Mannequin/Character/Materials/MI_StylizedManHand_Inst.uasset" 97
"E:/Hand_Tracking/Content/Models/GloveMesh.uasset" 98
"E:/Hand_Tracking/Content/VirtualRealityCPP/Blueprints/BP_Inherited_from_C++/GloveActor.uasset" 99
"E:/Hand_Tracking/Content/Material10.uasset" 100
"E:/Hand_Tracking/Content/CryoVR_GeneralContent/Blueprints/S_InputTick.uasset" 101
"E:/Hand_Tracking/Content/CryoVR_GeneralContent/Blueprints/Global_Arrays.uasset" 102
"E:/Hand_Tracking/Content/Test_Geometry/Test_Textures/Textures/Vitrobot_M_V_Tweezer_OcclusionRoughnessMetallic.uasset" 103
"E:/Hand_Tracking/Content/Test_Geometry/Test_Textures/Textures/Vitrobot_M_V_Tweezer_BaseColor.uasset" 104
"E:/Hand_Tracking/Content/Test_Geometry/Test_Textures/M_V_Tweezer.uasset" 105
"E:/Hand_Tracking/Content/Test_Geometry/Test_Textures/Tweezer.uasset" 106
"E:/Hand_Tracking/Content/Models/01GeneralWhiteMat.uasset" 107
"E:/Hand_Tracking/Content/lambert1.uasset" 108
"E:/Hand_Tracking/Content/1.uasset" 109
"E:/Hand_Tracking/Content/1_out.uasset" 110
"E:/Hand_Tracking/Content/1_in.uasset" 111
"E:/Hand_Tracking/Content/Test_Geometry/Test_Textures/Textures/Vitrobot_M_V_WorkStation_P0_OcclusionRoughnessMetallic.uasset" 112
"E:/Hand_Tracking/Content/Test_Geometry/Test_Textures/Textures/Vitrobot_M_V_WorkStation_P0_BaseColor.uasset" 113
"E:/Hand_Tracking/Content/Test_Geometry/Test_Textures/M_V_WorkStation_P0.uasset" 114
"E:/Hand_Tracking/Content/Test_Geometry/Test_Textures/vitrobot_m_WorkStation_P0.uasset" 115
"E:/Hand_Tracking/Content/Test_Geometry/Test_Textures/Textures/Vitrobot_M_V_WorkStation_1_OcclusionRoughnessMetallic.uasset" 116
"E:/Hand_Tracking/Content/Test_Geometry/Test_Textures/Textures/Vitrobot_M_V_WorkStation_1_BaseColor.uasset" 117
"E:/Hand_Tracking/Content/Test_Geometry/Test_Textures/M_V_WorkStation_1.uasset" 118
"E:/Hand_Tracking/Content/Test_Geometry/Test_Textures/vitrobot_m_WorkStation_P1.uasset" 119
"E:/Hand_Tracking/Content/Test_Geometry/Test_Textures/Textures/Vitrobot_M_V_WorkStation_2_OcclusionRoughnessMetallic.uasset" 120
"E:/Hand_Tracking/Content/Test_Geometry/Test_Textures/Textures/Vitrobot_M_V_WorkStation_2_BaseColor.uasset" 121
"E:/Hand_Tracking/Content/Test_Geometry/Test_Textures/M_V_WorkStation_2.uasset" 122
"E:/Hand_Tracking/Content/Test_Geometry/Test_Textures/vitrobot_m_WorkStation_P2.uasset" 123
"E:/Hand_Tracking/Content/BPC_Hand.uasset" 124
"E:/Hand_Tracking/Content/Hands/Models/LeftHand_Cube.uasset" 125
"E:/Hand_Tracking/Content/Hands/Models/HandMat.uasset" 126
"E:/Hand_Tracking/Content/Hands/Models/OculusHand_L.uasset" 127
"E:/Hand_Tracking/Content/BP_Hand.uasset" 128
"E:/Hand_Tracking/Content/Material5.uasset" 129
"E:/Hand_Tracking/Content/Test_Geometry/Test_Textures/defaultMat.uasset" 130
"E:/Hand_Tracking/Content/Test_Geometry/Test_Textures/Grid_Dewar_Cover.uasset" 131
"E:/Hand_Tracking/Content/VirtualRealityCPP/Blueprints/BP_Inherited_from_C++/GridDewarCoverActor.uasset" 132
"E:/Hand_Tracking/Content/Test_Geometry/Test_Textures/Grid_Dewar_Cap.uasset" 133
"E:/Hand_Tracking/Content/Test_Geometry/Test_Textures/Grid_Dewar.uasset" 134
"E:/Hand_Tracking/Content/Models/Textures/metal_bareTex.uasset" 135
"E:/Hand_Tracking/Content/Models/Textures/CloudTex.uasset" 136
"E:/Hand_Tracking/Content/Models/DewarMat.uasset" 137
"E:/Hand_Tracking/Content/VirtualRealityCPP/Blueprints/BP_Inherited_from_C++/GridDewarActor.uasset" 138
"E:/Hand_Tracking/Content/Test_Geometry/Test_Textures/Grid_Metal_Tube.uasset" 139
"E:/Hand_Tracking/Content/VirtualRealityCPP/Blueprints/BP_Inherited_from_C++/GridMetalTubeActor.uasset" 140
"E:/Hand_Tracking/Content/Models/Textures/GeneralBlack_tex.uasset" 141
"E:/Hand_Tracking/Content/Models/01GeneralBlackMat.uasset" 142
"E:/Hand_Tracking/Content/Models/NitrogenTankCapMesh.uasset" 143
"E:/Hand_Tracking/Content/VirtualRealityCPP/Blueprints/BP_Inherited_from_C++/DewarCapActor.uasset" 144
"E:/Hand_Tracking/Content/Particles/WaterSplash_Tex.uasset" 145
"E:/Hand_Tracking/Content/Particles/WaterSplashMat.uasset" 146
"E:/Hand_Tracking/Content/Particles/WaterSplash_P.uasset" 147
"E:/Hand_Tracking/Content/Models/DewarMesh.uasset" 148
"E:/Hand_Tracking/Content/VirtualRealityCPP/Blueprints/BP_Inherited_from_C++/DewarActor.uasset" 149
"E:/Hand_Tracking/Content/Test_Geometry/FreezeDewar.uasset" 150
"E:/Hand_Tracking/Content/VirtualRealityCPP/Blueprints/BP_Inherited_from_C++/FreezingDewarActor.uasset" 151
"E:/Hand_Tracking/Content/Test_Geometry/Test_Textures/Grid_Tube.uasset" 152
"E:/Hand_Tracking/Content/Test_Geometry/Test_Textures/pasted__phong2.uasset" 153
"E:/Hand_Tracking/Content/Test_Geometry/Test_Textures/pasted__blinn2.uasset" 154
"E:/Hand_Tracking/Content/Test_Geometry/Test_Textures/pasted__blinn1.uasset" 155
"E:/Hand_Tracking/Content/Test_Geometry/Test_Textures/lambert1.uasset" 156
"E:/Hand_Tracking/Content/Test_Geometry/Test_Textures/aiStandardSurface1.uasset" 157
"E:/Hand_Tracking/Content/Test_Geometry/Test_Textures/gridbox.uasset" 158
"E:/Hand_Tracking/Content/Test_Geometry/Body_Black_Texture1SG.uasset" 159
"E:/Hand_Tracking/Content/Models/Textures/WaterDropTex.uasset" 160
"E:/Hand_Tracking/Content/Models/01M_Glass.uasset" 161
"E:/Hand_Tracking/Content/Models/01M_Glass_Inst2.uasset" 162
"E:/Hand_Tracking/Content/Models/01M_EppendorfMat.uasset" 163
"E:/Hand_Tracking/Content/VirtualRealityCPP/Blueprints/BP_Inherited_from_C++/GridTubeActor.uasset" 164
"E:/Hand_Tracking/Content/Models/Tweezer_gridMat_inst.uasset" 165
"E:/Hand_Tracking/Content/Models/Textures/TweezerSpongeTex.uasset" 166
"E:/Hand_Tracking/Content/Models/SpongeTweezerMat.uasset" 167
"E:/Hand_Tracking/Content/Models/Tweezer.uasset" 168
"E:/Hand_Tracking/Content/VirtualRealityCPP/Blueprints/BP_Inherited_from_C++/GridboxTweezerActor.uasset" 169
"E:/Hand_Tracking/Content/VirtualRealityCPP/Blueprints/BP_Inherited_from_C++/AssembleGridBoxTweezer.uasset" 170
"E:/Hand_Tracking/Content/VirtualReality/Blueprint/WorkstationTrigger.uasset" 171
"E:/Hand_Tracking/Content/UI/Tempreture_UI.uasset" 172
"E:/Hand_Tracking/Content/Test_Geometry/labcoat_labcoat_BaseColor.uasset" 173
"E:/Hand_Tracking/Content/UI/Ethane_UI.uasset" 174
"E:/Hand_Tracking/Content/Test_Geometry/Test_Textures/tube_1001_OcclusionRoughnessMetallic.uasset" 175
"E:/Hand_Tracking/Content/Test_Geometry/Test_Textures/tube_1001_Normal.uasset" 176
"E:/Hand_Tracking/Content/Test_Geometry/Test_Textures/tube_1001_BaseColor.uasset" 177
"E:/Hand_Tracking/Content/Test_Geometry/Test_Textures/Tube_M.uasset" 178
"E:/Hand_Tracking/Content/UI/TutorialUI/CP3_UI_ForwardArrowMesh.uasset" 179
"E:/Hand_Tracking/Content/UI/TutorialUI/arrow.uasset" 180
"E:/Hand_Tracking/Content/UI/TutorialUI/CP3_UI_FArrowMat.uasset" 181
"E:/Hand_Tracking/Content/UI/TutorialUI/UI_FowardArrow_BP.uasset" 182
"E:/Hand_Tracking/Content/StarterContent/Textures/T_Smoke_SubUV.uasset" 183
"E:/Hand_Tracking/Content/StarterContent/Textures/T_Smoke_Tiled_D.uasset" 184
"E:/Hand_Tracking/Content/StarterContent/Particles/Materials/M_smoke_subUV.uasset" 185
"../../../Engine/Content/Functions/Engine_MaterialFunctions01/Gradient/RadialGradient.uasset" 186
"E:/Hand_Tracking/Content/StarterContent/Particles/Materials/M_Radial_Gradient.uasset" 187
"E:/Hand_Tracking/Content/StarterContent/Textures/T_Water_N.uasset" 188
"E:/Hand_Tracking/Content/StarterContent/Particles/Materials/M_Heat_Distortion.uasset" 189
"E:/Hand_Tracking/Content/StarterContent/Textures/T_Fire_Tiled_D.uasset" 190
"E:/Hand_Tracking/Content/StarterContent/Textures/T_Fire_SubUV.uasset" 191
"E:/Hand_Tracking/Content/StarterContent/Particles/Materials/M_Fire_SubUV.uasset" 192
"E:/Hand_Tracking/Content/StarterContent/Particles/P_Fire.uasset" 193
"E:/Hand_Tracking/Content/Sounds/decompress.uasset" 194
"E:/Hand_Tracking/Content/Models/EthaneTip.uasset" 195
"E:/Hand_Tracking/Content/Models/EthaneTank_YellowMetalMat.uasset" 196
"E:/Hand_Tracking/Content/Models/Textures/AirTanktex_01.uasset" 197
"E:/Hand_Tracking/Content/Models/Textures/AirTanktex.uasset" 198
"E:/Hand_Tracking/Content/Models/Textures/AirTanktexMask.uasset" 199
"E:/Hand_Tracking/Content/Models/EthaneTank_MainMat.uasset" 200
"E:/Hand_Tracking/Content/Models/AirTank_MainMat_Inst.uasset" 201
"E:/Hand_Tracking/Content/Models/EthaneTank.uasset" 202
"E:/Hand_Tracking/Content/Models/lambert4SG1.uasset" 203
"E:/Hand_Tracking/Content/Models/EthanePointer.uasset" 204
"E:/Hand_Tracking/Content/Models/EthaneKnob_02.uasset" 205
"E:/Hand_Tracking/Content/Models/EthaneKnob.uasset" 206
"E:/Hand_Tracking/Content/Geometry/Meshes/EthaneTip.uasset" 207
"E:/Hand_Tracking/Content/VirtualRealityCPP/Blueprints/BP_Inherited_from_C++/EthaneTankActor.uasset" 208
"E:/Hand_Tracking/Content/Particles/WaterDrop.uasset" 209
"E:/Hand_Tracking/Content/Particles/WaterParticleMat.uasset" 210
"E:/Hand_Tracking/Content/Particles/WaterParticleMat_Inst.uasset" 211
"E:/Hand_Tracking/Content/Particles/EthaneSplash_P.uasset" 212
"E:/Hand_Tracking/Content/VirtualRealityCPP/Blueprints/BP_Inherited_from_C++/EthaneTipActor.uasset" 213
"../../../Engine/Content/EngineMaterials/BaseFlattenNormalMap.uasset" 214
"../../../Engine/Content/EngineMaterials/BaseFlattenGrayscaleMap.uasset" 215
"../../../Engine/Content/EngineMaterials/BaseFlattenEmissiveMap.uasset" 216
"../../../Engine/Content/EngineMaterials/BaseFlattenDiffuseMap.uasset" 217
"../../../Engine/Content/EngineMaterials/NewBaseFlattenMaterial.uasset" 218
"E:/Hand_Tracking/Content/VirtualRealityBP/Blueprints/BP_Dewar.uasset" 219
"E:/Hand_Tracking/Content/Test_Geometry/Test_Textures/Textures/Vitrobot_M_V_WorkStation_OcclusionRoughnessMetallic.uasset" 220
"E:/Hand_Tracking/Content/Test_Geometry/Test_Textures/Textures/Vitrobot_M_V_WorkStation_BaseColor.uasset" 221
"E:/Hand_Tracking/Content/Test_Geometry/Test_Textures/M_V_WorkStation.uasset" 222
"E:/Hand_Tracking/Content/Test_Geometry/Temp/M_V_WorkStation.uasset" 223
"E:/Hand_Tracking/Content/Test_Geometry/Temp/Vitrobot_WorkStation.uasset" 224
"E:/Hand_Tracking/Content/Test_Geometry/Water.uasset" 225
"E:/Hand_Tracking/Content/StarterContent/Materials/M_Basic_Wall.uasset" 226
"E:/Hand_Tracking/Content/StarterContent/Shapes/Shape_Cylinder.uasset" 227
"E:/Hand_Tracking/Content/Materials/MM_Ghost_Breath.uasset" 228
"E:/Hand_Tracking/Content/Materials/MI_Ghost_Breath.uasset" 229
"E:/Hand_Tracking/Content/VirtualRealityCPP/Blueprints/BP_Inherited_from_C++/WorkstationActor.uasset" 230
"E:/Hand_Tracking/Content/Test_Geometry/Test_Textures/vitrobot_m_WorkStation.uasset" 231
"E:/Hand_Tracking/Content/Test_Geometry/Test_Textures/Textures/Vitrobot_M_V_WorkStation_Holder_OcclusionRoughnessMetallic.uasset" 232
"E:/Hand_Tracking/Content/Test_Geometry/Test_Textures/Textures/Vitrobot_M_V_WorkStation_Holder_BaseColor.uasset" 233
"E:/Hand_Tracking/Content/Test_Geometry/Test_Textures/M_V_WorkStation_Holder.uasset" 234
"E:/Hand_Tracking/Content/Test_Geometry/Test_Textures/vitrobot_m_WorkStation_Holder.uasset" 235
"E:/Hand_Tracking/Content/Test_Geometry/Test_Textures/Textures/pen_1001_OcclusionRoughnessMetallic.uasset" 236
"E:/Hand_Tracking/Content/Test_Geometry/Test_Textures/Textures/pen_1001_Normal.uasset" 237
"E:/Hand_Tracking/Content/Test_Geometry/Test_Textures/Textures/pen_1001_BaseColor.uasset" 238
"E:/Hand_Tracking/Content/Test_Geometry/Test_Textures/Pen.uasset" 239
"E:/Hand_Tracking/Content/Test_Geometry/Test_Textures/Stylus.uasset" 240
"../../../Engine/Content/BasicShapes/BasicShapeMaterial.uasset" 241
"E:/Hand_Tracking/Content/VirtualRealityCPP/Blueprints/MouseSensitivity.uasset" 242
"E:/Hand_Tracking/Content/VirtualReality/Mannequin/Character/Mesh/MannequinHand_Right_PhysicsAsset.uasset" 243
"E:/Hand_Tracking/Content/VirtualReality/VR_Hands/Textures/T_StylizedWomanHand_TX.uasset" 244
"E:/Hand_Tracking/Content/VirtualReality/VR_Hands/Textures/T_StylizedWomanHand_ORM.uasset" 245
"E:/Hand_Tracking/Content/VirtualReality/VR_Hands/Textures/SSS/T_Hand_SSS.uasset" 246
"E:/Hand_Tracking/Content/VirtualReality/VR_Hands/Textures/T_Example_N.uasset" 247
"E:/Hand_Tracking/Content/VirtualReality/VR_Hands/Textures/T_Example_BC.uasset" 248
"E:/Hand_Tracking/Content/VirtualReality/VR_Hands/Materials/Shaders/M_Master.uasset" 249
"E:/Hand_Tracking/Content/VirtualReality/VR_Hands/Materials/MI_StylizedWomanHand.uasset" 250
"E:/Hand_Tracking/Content/VirtualReality/VR_Hands/Meshes/StylizedWomanHand_Right.uasset" 251
"E:/Hand_Tracking/Content/Sounds/Sounds_Female/FinishTask.uasset" 252
"E:/Hand_Tracking/Content/VirtualRealityCPP/Blueprints/HandFollow.uasset" 253
"E:/Hand_Tracking/Content/FirstPersonContent/FirstPersonBP/Blueprints/FirstPersonCharacter.uasset" 254
"E:/Hand_Tracking/Content/VirtualRealityCPP/Blueprints/BP_Inherited_from_C++/PenActor.uasset" 255
"E:/Hand_Tracking/Content/Sounds/Sounds_Female/Workstation_GD.uasset" 256
"E:/Hand_Tracking/Content/Sounds/Sounds_Female/PlungerSound.uasset" 257
"E:/Hand_Tracking/Content/Sounds/Sounds_Female/blotter.uasset" 258
"E:/Hand_Tracking/Content/Sop_mat/Vitrobot_machine/M_V_Screen.uasset" 259
"E:/Hand_Tracking/Content/Sop_mat/Vitrobot_machine/vitrobot_m_withL_M_V_Vitrobot_BaseColor.uasset" 260
"E:/Hand_Tracking/Content/Sop_mat/Vitrobot_machine/M_V_Vitrobot.uasset" 261
"E:/Hand_Tracking/Content/Sop_mat/Vitrobot_machine/new_vitrobot_without_lid.uasset" 262
"E:/Hand_Tracking/Content/Test_Geometry/Test_Textures/Textures/Vitrobot_M_V_Plunger_OcclusionRoughnessMetallic.uasset" 263
"E:/Hand_Tracking/Content/Test_Geometry/Test_Textures/Textures/Vitrobot_M_V_Plunger_BaseColor.uasset" 264
"E:/Hand_Tracking/Content/Test_Geometry/Test_Textures/M_V_Plunger.uasset" 265
"E:/Hand_Tracking/Content/Test_Geometry/Test_Textures/Plunger.uasset" 266
"E:/Hand_Tracking/Content/Test_Geometry/Test_Textures/Textures/Vitrobot_M_V_Holder_OcclusionRoughnessMetallic.uasset" 267
"E:/Hand_Tracking/Content/Test_Geometry/Test_Textures/Textures/Vitrobot_M_V_Holder_BaseColor.uasset" 268
"E:/Hand_Tracking/Content/Test_Geometry/Test_Textures/M_V_Holder.uasset" 269
"E:/Hand_Tracking/Content/Test_Geometry/Test_Textures/Holder.uasset" 270
"E:/Hand_Tracking/Content/Test_Geometry/Test_Textures/Textures/Vitrobot_M_V_Door_OcclusionRoughnessMetallic.uasset" 271
"E:/Hand_Tracking/Content/Test_Geometry/Test_Textures/Textures/Vitrobot_M_V_Door_BaseColor.uasset" 272
"E:/Hand_Tracking/Content/Test_Geometry/Test_Textures/M_V_Door.uasset" 273
"E:/Hand_Tracking/Content/Test_Geometry/Test_Textures/Textures/Microscope_M_Glass_OcclusionRoughnessMetallic.uasset" 274
"E:/Hand_Tracking/Content/Test_Geometry/Test_Textures/Textures/Microscope_M_Glass_BaseColor.uasset" 275
"E:/Hand_Tracking/Content/Test_Geometry/Test_Textures/M_Glass.uasset" 276
"E:/Hand_Tracking/Content/Test_Geometry/Test_Textures/Door.uasset" 277
"E:/Hand_Tracking/Content/Test_Geometry/Test_Textures/M_V_BottomCover.uasset" 278
"E:/Hand_Tracking/Content/Test_Geometry/Test_Textures/BottomCover.uasset" 279
"E:/Hand_Tracking/Content/Test_Geometry/Test_Textures/blotter_up.uasset" 280
"E:/Hand_Tracking/Content/Test_Geometry/Test_Textures/blotter_down.uasset" 281
"E:/Hand_Tracking/Content/Test_Geometry/Test_Textures/Textures/Screen_Shot_1.uasset" 282
"E:/Hand_Tracking/Content/Test_Geometry/Screen_Shot_1.uasset" 283
"E:/Hand_Tracking/Content/Test_Geometry/01M_Glass1.uasset" 284
"E:/Hand_Tracking/Content/StarterContent/Shapes/Shape_Plane.uasset" 285
"E:/Hand_Tracking/Content/VirtualRealityCPP/Blueprints/BP_Inherited_from_C++/VitrobotActor.uasset" 286
"E:/Hand_Tracking/Content/Models/Tweezer_Grid.uasset" 287
"E:/Hand_Tracking/Content/Models/01GridHolderMat_Inst.uasset" 288
"E:/Hand_Tracking/Content/Models/GridHolderUMesh.uasset" 289
"E:/Hand_Tracking/Content/Models/GridHolderDMesh.uasset" 290
"E:/Hand_Tracking/Content/VirtualRealityCPP/Blueprints/BP_Inherited_from_C++/PetridishActor.uasset" 291
"E:/Hand_Tracking/Content/VirtualRealityCPP/Blueprints/BP_Inherited_from_C++/TweezerActor.uasset" 292
"E:/Hand_Tracking/Content/Models/SampleHolder.uasset" 293
"E:/Hand_Tracking/Content/VirtualRealityCPP/Blueprints/BP_Inherited_from_C++/SampleTubeActor.uasset" 294
"E:/Hand_Tracking/Content/Models/Pipet_attachmentMat.uasset" 295
"E:/Hand_Tracking/Content/Models/Pipet_KnobMat.uasset" 296
"E:/Hand_Tracking/Content/Models/Pipet_body02Mat.uasset" 297
"E:/Hand_Tracking/Content/Models/Pipet_body01Mat.uasset" 298
"E:/Hand_Tracking/Content/Models/Pipet.uasset" 299
"E:/Hand_Tracking/Content/Models/IlluMat.uasset" 300
"E:/Hand_Tracking/Content/VirtualRealityCPP/Blueprints/BP_Inherited_from_C++/PipetteActor.uasset" 301
"E:/Hand_Tracking/Content/Models/HolderMat.uasset" 302
"E:/Hand_Tracking/Content/Models/Holder.uasset" 303
"E:/Hand_Tracking/Content/VirtualRealityCPP/Blueprints/BP_Inherited_from_C++/PipetteHolderActor.uasset" 304
"E:/Hand_Tracking/Content/VR_Hands/Meshes/RealHand_Right.uasset" 305
"../../../Engine/Content/ArtTools/RenderToTexture/Meshes/S_1_Unit_Plane.uasset" 306
"../../../Engine/Content/BasicShapes/Cone.uasset" 307
"../../../Engine/Content/EditorLandscapeResources/DataLayer.uasset" 308
"../../../Engine/Content/EditorLandscapeResources/DefaultAlphaTexture.uasset" 309
"../../../Engine/Content/EditorMaterials/MAT_Groups_Toggle.uasset" 310
"../../../Engine/Content/EditorMaterials/MAT_Groups_Visibility.uasset" 311
"../../../Engine/Content/EditorMaterials/PreviewShadowIndicator.uasset" 312
"../../../Engine/Content/EditorMaterials/PreviewShadowIndicatorMaterial.uasset" 313
"../../../Engine/Content/EditorMaterials/MatineeGroups/MAT_ColorTrack.uasset" 314
"../../../Engine/Content/EditorMaterials/MatineeGroups/MAT_Groups_Anim.uasset" 315
"../../../Engine/Content/EditorMaterials/MatineeGroups/MAT_Groups_AudioMaster.uasset" 316
"../../../Engine/Content/EditorMaterials/MatineeGroups/MAT_Groups_Director.uasset" 317
"../../../Engine/Content/EditorMaterials/MatineeGroups/MAT_Groups_Event.uasset" 318
"../../../Engine/Content/EditorMaterials/MatineeGroups/MAT_Groups_Fade.uasset" 319
"../../../Engine/Content/EditorMaterials/MatineeGroups/MAT_Groups_Float.uasset" 320
"../../../Engine/Content/EditorMaterials/MatineeGroups/MAT_Groups_Move.uasset" 321
"../../../Engine/Content/EditorMaterials/MatineeGroups/MAT_Groups_Slomo.uasset" 322
"../../../Engine/Content/EditorMaterials/MatineeGroups/MAT_Groups_Sound.uasset" 323
"../../../Engine/Content/EditorMaterials/MatineeGroups/MAT_Groups_Vector.uasset" 324
"../../../Engine/Content/EditorMaterials/ParticleSystems/PSysThumbnail_NoImage.uasset" 325
"../../../Engine/Content/EditorMaterials/ParticleSystems/PSysThumbnail_OOD.uasset" 326
"../../../Engine/Content/EditorMaterials/Camera/CineMat.uasset" 327
"../../../Engine/Content/EditorMaterials/Camera/MI_CineMat_Rig.uasset" 328
"../../../Engine/Content/EditorMeshes/Camera/SM_CraneRig_Arm.uasset" 329
"../../../Engine/Content/EditorMeshes/Camera/SM_CraneRig_Base.uasset" 330
"../../../Engine/Content/EditorMeshes/Camera/SM_CraneRig_Body.uasset" 331
"../../../Engine/Content/EditorMeshes/Camera/SM_CraneRig_Mount.uasset" 332
"../../../Engine/Content/EditorMeshes/Camera/SM_RailRig_Mount.uasset" 333
"../../../Engine/Content/EditorMeshes/Camera/SM_RailRig_Track.uasset" 334
"../../../Engine/Content/EditorResources/BSPVertex.uasset" 335
"../../../Engine/Content/EditorResources/EmptyActor.uasset" 336
"../../../Engine/Content/EditorResources/S_Actor.uasset" 337
"../../../Engine/Content/EditorResources/S_Note.uasset" 338
"../../../Engine/Content/EditorResources/S_Solver.uasset" 339
"../../../Engine/Content/EditorResources/S_Terrain.uasset" 340
"../../../Engine/Content/EditorResources/S_Trigger.uasset" 341
"../../../Engine/Content/EditorResources/LightIcons/S_LightError.uasset" 342
"../../../Engine/Content/EditorResources/SequenceRecorder/Countdown.uasset" 343
"../../../Engine/Content/EditorResources/SequenceRecorder/RecordingIndicator.uasset" 344
"../../../Engine/Content/EngineDamageTypes/DmgTypeBP_Environmental.uasset" 345
"../../../Engine/Content/EngineDebugMaterials/DebugEditorMaterial.uasset" 346
"../../../Engine/Content/EngineDebugMaterials/DebugMeshMaterial.uasset" 347
"../../../Engine/Content/EngineDebugMaterials/M_SimpleUnlitTranslucent.uasset" 348
"../../../Engine/Content/EngineDebugMaterials/VolumeToRender.uasset" 349
"../../../Engine/Content/EngineDebugMaterials/M_VolumeRenderSphereTracePP.uasset" 350
"../../../Engine/Content/Functions/Engine_MaterialFunctions01/Shading/ConvertFromDiffSpec.uasset" 351
"../../../Engine/Content/EngineDebugMaterials/VertexColorMaterial.uasset" 352
"../../../Engine/Content/EngineDebugMaterials/WireframeMaterial.uasset" 353
"../../../Engine/Content/EngineFonts/Faces/RobotoRegular.uasset" 354
"../../../Engine/Content/EngineFonts/Faces/RobotoLight.uasset" 355
"../../../Engine/Content/EngineFonts/Faces/RobotoItalic.uasset" 356
"../../../Engine/Content/EngineFonts/Faces/RobotoBoldItalic.uasset" 357
"../../../Engine/Content/EngineFonts/Faces/RobotoBold.uasset" 358
"../../../Engine/Content/EngineFonts/Faces/DroidSansFallback.uasset" 359
"../../../Engine/Content/EngineFonts/Roboto.uasset" 360
"../../../Engine/Content/EngineMaterials/BaseFlattenMaterial.uasset" 361
"../../../Engine/Content/EngineMaterials/BlueNoise.uasset" 362
"../../../Engine/Content/EngineMaterials/DefaultBloomKernel.uasset" 363
"../../../Engine/Content/EngineMaterials/DefaultBokeh.uasset" 364
"../../../Engine/Content/EngineMaterials/DefaultDiffuse.uasset" 365
"../../../Engine/Content/EngineMaterials/DefaultDeferredDecalMaterial.uasset" 366
"../../../Engine/Content/EngineMaterials/DefaultLightFunctionMaterial.uasset" 367
"../../../Engine/Content/EngineMaterials/DefaultPhysicalMaterial.uasset" 368
"../../../Engine/Content/EngineMaterials/DefaultPostProcessMaterial.uasset" 369
"../../../Engine/Content/EngineFonts/RobotoDistanceField.uasset" 370
"../../../Engine/Content/EngineMaterials/DefaultTextMaterialOpaque.uasset" 371
"../../../Engine/Content/EngineMaterials/DefaultWhiteGrid.uasset" 372
"../../../Engine/Content/EngineMaterials/DefaultWhiteGrid_Low.uasset" 373
"../../../Engine/Content/EngineMaterials/EmissiveMeshMaterial.uasset" 374
"../../../Engine/Content/EngineMaterials/GizmoMaterial.uasset" 375
"../../../Engine/Content/EngineMaterials/MiniFont.uasset" 376
"../../../Engine/Content/EngineMaterials/InvalidLightmapSettings.uasset" 377
"../../../Engine/Content/EngineMaterials/M_InvalidLightmapSettings.uasset" 378
"../../../Engine/Content/Functions/Engine_MaterialFunctions02/WorldPositionOffset/CameraOffset.uasset" 379
"../../../Engine/Content/EngineMaterials/PhAT_JointLimitMaterial.uasset" 380
"../../../Engine/Content/EngineMaterials/PreintegratedSkinBRDF.uasset" 381
"../../../Engine/Content/EngineMaterials/RemoveSurfaceMaterial.uasset" 382
"../../../Engine/Content/EngineMaterials/WeightMapPlaceholderTexture.uasset" 383
"../../../Engine/Content/EngineResources/WhiteSquareTexture.uasset" 384
"../../../Engine/Content/EngineMaterials/Widget3DPassThrough.uasset" 385
"../../../Engine/Content/EngineMaterials/Widget3DPassThrough_Masked.uasset" 386
"../../../Engine/Content/EngineMaterials/Widget3DPassThrough_Opaque.uasset" 387
"../../../Engine/Content/EngineMaterials/Widget3DPassThrough_Masked_OneSided.uasset" 388
"../../../Engine/Content/EngineMaterials/Widget3DPassThrough_Opaque_OneSided.uasset" 389
"../../../Engine/Content/EngineMaterials/Widget3DPassThrough_Translucent.uasset" 390
"../../../Engine/Content/EngineMaterials/Widget3DPassThrough_Translucent_OneSided.uasset" 391
"../../../Engine/Content/EngineMeshes/Cylinder.uasset" 392
"../../../Engine/Content/EngineMeshes/Sphere.uasset" 393
"../../../Engine/Content/EngineResources/Black.uasset" 394
"../../../Engine/Content/EngineResources/DefaultTextureCube.uasset" 395
"../../../Engine/Content/EngineResources/DefaultVolumeTexture2D.uasset" 396
"../../../Engine/Content/EngineResources/DefaultVolumeTexture.uasset" 397
"../../../Engine/Content/EngineResources/GradientTexture0.uasset" 398
"../../../Engine/Content/EngineSky/VolumetricClouds/T_NoiseShape64.uasset" 399
"../../../Engine/Content/EngineSky/VolumetricClouds/T_VolumeNoiseShape64.uasset" 400
"../../../Engine/Content/EngineSky/VolumetricClouds/T_NoiseErosion.uasset" 401
"../../../Engine/Content/EngineSky/VolumetricClouds/T_VolumeNoiseErosion32.uasset" 402
"../../../Engine/Content/EngineSky/VolumetricClouds/CloudWeatherTexture.uasset" 403
"../../../Engine/Content/EngineSky/VolumetricClouds/CloudGradientTexture.uasset" 404
"../../../Engine/Content/Functions/Engine_MaterialFunctions02/Utility/MakeFloat2.uasset" 405
"../../../Engine/Content/EngineSky/VolumetricClouds/m_SimpleVolumetricCloud.uasset" 406
"../../../Engine/Content/EngineSky/VolumetricClouds/m_SimpleVolumetricCloud_Inst.uasset" 407
"../../../Engine/Content/EngineSounds/Master.uasset" 408
"../../../Engine/Content/Functions/Engine_MaterialFunctions01/Shading/PowerToRoughness.uasset" 409
"../../../Engine/Content/Maps/Templates/Thumbnails/Default.uasset" 410
"../../../Engine/Content/Maps/Templates/Thumbnails/TimeOfDay.uasset" 411
"../../../Engine/Content/Maps/Templates/Thumbnails/VR-Basic.uasset" 412
"../../../Engine/Content/MobileResources/T_MobileControls_texture.uasset" 413
"../../../Engine/Content/MobileResources/T_MobileMenu2.uasset" 414
"../../../Engine/Content/MobileResources/HUD/AnalogHat.uasset" 415
"../../../Engine/Content/MobileResources/HUD/VirtualJoystick_Thumb.uasset" 416
"../../../Engine/Content/MobileResources/HUD/VirtualJoystick_Background.uasset" 417
"../../../Engine/Content/MobileResources/HUD/DefaultVirtualJoysticks.uasset" 418
"../../../Engine/Content/MobileResources/HUD/LeftVirtualJoystickOnly.uasset" 419
"../../../Engine/Content/MobileResources/HUD/MobileHUDButton1_off.uasset" 420
"../../../Engine/Content/MobileResources/HUD/MobileHUDButton1_on.uasset" 421
"../../../Engine/Content/MobileResources/HUD/MobileHUDButton2_off.uasset" 422
"../../../Engine/Content/MobileResources/HUD/MobileHUDButton2_on.uasset" 423
"../../../Engine/Content/MobileResources/HUD/MobileHUDButton3.uasset" 424
"../../../Engine/Content/MobileResources/HUD/MobileHUDButtonFire.uasset" 425
"../../../Engine/Content/MobileResources/HUD/MobileHUDDirectionPad.uasset" 426
"../../../Engine/Content/MobileResources/HUD/MobileHUDDirectionPad2.uasset" 427
"../../../Engine/Content/MobileResources/HUD/MobileHUDDirectionPad3.uasset" 428
"../../../Engine/Content/MobileResources/HUD/MobileHUDDirectionStick.uasset" 429
"../../../Engine/Content/MobileResources/HUD/T_Castle_ThumbstickInner.uasset" 430
"../../../Engine/Content/MobileResources/HUD/T_Castle_ThumbstickOutter.uasset" 431
"../../../Engine/Content/Tutorial/ContentIntroCurve.uasset" 432
"../../../Engine/Content/Tutorial/Basics/LevelEditorAttract.uasset" 433
"../../../Engine/Content/VREditor/TransformGizmo/TranslucentTransformGizmoMaterial.uasset" 434
"../../../Engine/Content/VREditor/LaserPointer/VR_LaserPower_01.uasset" 435
"../../../Engine/Content/VREditor/TransformGizmo/TransformGizmoMaterial.uasset" 436
"../../../Engine/Content/VREditor/TransformGizmo/BoundingBoxCorner.uasset" 437
"../../../Engine/Content/VREditor/TransformGizmo/BoundingBoxEdge.uasset" 438
"../../../Engine/Content/VREditor/TransformGizmo/PlaneTranslationHandle.uasset" 439
"../../../Engine/Content/VREditor/TransformGizmo/Xray.uasset" 440
"../../../Engine/Content/VREditor/TransformGizmo/Main.uasset" 441
"../../../Engine/Content/VREditor/TransformGizmo/SM_Sequencer_Key.uasset" 442
"../../../Engine/Content/VREditor/TransformGizmo/SM_Sequencer_Node.uasset" 443
"../../Plugins/2D/Paper2D/Content/PlaceholderTextures/DummySpriteTexture.uasset" 444
"../../Plugins/2D/Paper2D/Content/DummySprite.uasset" 445
"../../Plugins/2D/Paper2D/Content/DefaultPaperTerrainMaterial.uasset" 446
"../../Plugins/2D/Paper2D/Content/DefaultSpriteMaterial.uasset" 447
"../../Plugins/2D/Paper2D/Content/MaskedUnlitSpriteMaterial.uasset" 448
"../../Plugins/2D/Paper2D/Content/OpaqueUnlitSpriteMaterial.uasset" 449
"../../../Engine/Content/ArtTools/RenderToTexture/Materials/Debug/M_Emissive_Color.uasset" 450
"../../Plugins/Lumin/MagicLeapPassableWorld/Content/MagicLeapARPinInfoActor.uasset" 451
"../../../Engine/Content/Functions/Engine_MaterialFunctions02/Utility/BreakOutFloat3Components.uasset" 452
"../../../Engine/Content/Functions/Engine_MaterialFunctions02/ObjectLocalBounds.uasset" 453
"../../../Engine/Content/Functions/Engine_MaterialFunctions02/UVs/BoundingBoxBased_0-1_UVW.uasset" 454
"../../../Engine/Content/EngineResources/DefaultTexture.uasset" 455
"../../Plugins/Editor/SpeedTreeImporter/Content/SpeedTree9/UnpackInteger3.uasset" 456
"../../Plugins/Editor/SpeedTreeImporter/Content/SpeedTree9/UnpackDirection.uasset" 457
"../../Plugins/Editor/SpeedTreeImporter/Content/SpeedTree9/game_wind_noise.uasset" 458
"../../../Engine/Content/Functions/Engine_MaterialFunctions02/SafeNormalize.uasset" 459
"../../Plugins/Editor/SpeedTreeImporter/Content/SpeedTree9/SpeedTreeWindMotion.uasset" 460
"../../Plugins/Editor/SpeedTreeImporter/Content/SpeedTree9/SpeedTreeBranchMotion.uasset" 461
"../../Plugins/Editor/SpeedTreeImporter/Content/SpeedTree9/SpeedTreeWind.uasset" 462
"../../Plugins/Editor/SpeedTreeImporter/Content/SpeedTree9/SpeedTreeBillboard.uasset" 463
"../../Plugins/Editor/SpeedTreeImporter/Content/SpeedTree9/SpeedTreeBillboardMaster.uasset" 464
"../../Plugins/Editor/SpeedTreeImporter/Content/SpeedTree9/SpeedTreeCameraFacing.uasset" 465
"../../Plugins/Editor/SpeedTreeImporter/Content/SpeedTree9/SpeedTreeMaster.uasset" 466
"../../../Engine/Content/Functions/Engine_MaterialFunctions02/Utility/BreakOutFloat4Components.uasset" 467
"../../../Engine/Content/Functions/Engine_MaterialFunctions02/Utility/MakeFloat3.uasset" 468
"../../Plugins/Runtime/Oculus/OculusVR/Content/Materials/OculusMR_ChromaKey.uasset" 469
"../../Plugins/Runtime/Oculus/OculusVR/Content/Materials/OculusMR_OpaqueColoredMaterial.uasset" 470
"../../Plugins/Runtime/Oculus/OculusVR/Content/Materials/PokeAHoleMaterial.uasset" 471
"E:/Hand_Tracking/Content/VirtualReality/Materials/MI_BaseMaterial3.uasset" 472
"E:/Hand_Tracking/Content/VirtualReality/Materials/MI_BaseMaterial2.uasset" 473
"../../../Engine/Content/EngineSky/T_Sky_Stars.uasset" 474
"../../../Engine/Content/EngineSky/T_Sky_Clouds_M.uasset" 475
"../../../Engine/Content/EngineSky/T_Sky_Blue.uasset" 476
"../../../Engine/Content/EngineSky/M_Sky_Panning_Clouds2.uasset" 477
"E:/Hand_Tracking/Content/VirtualRealityBP/Maps/HMDLocomotionMap_BuiltData.uasset" 478
"../../../Engine/Content/EngineSky/SM_SkySphere.uasset" 479
"../../../Engine/Content/EngineSky/C_Sky_Zenith_Color.uasset" 480
"../../../Engine/Content/EngineSky/C_Sky_Horizon_Color.uasset" 481
"../../../Engine/Content/EngineSky/C_Sky_Cloud_Color.uasset" 482
"../../../Engine/Content/EngineSky/BP_Sky_Sphere.uasset" 483
"E:/Hand_Tracking/Content/VirtualRealityBP/Blueprints/HMDLocomotionPawn.uasset" 484
"E:/Hand_Tracking/Content/VirtualRealityBP/Maps/HMDLocomotionMap.umap" 485
"E:/Hand_Tracking/Content/Hands/Models/OculusHand_R.uasset" 486
"E:/Hand_Tracking/Content/BP_RightHand.uasset" 487
"E:/Hand_Tracking/Content/BP_HandPawn.uasset" 488
"E:/Hand_Tracking/Content/VirtualRealityBP/Maps/StartM_BuiltData.uasset" 489
"E:/Hand_Tracking/Content/VirtualRealityCPP/Blueprints/BP_Inherited_from_C++/CleanPipette.uasset" 490
"E:/Hand_Tracking/Content/VirtualRealityBP/Blueprints/BP_Tweezers.uasset" 491
"E:/Hand_Tracking/Content/Hands/Models/RightHand_Tweezers.uasset" 492
"E:/Hand_Tracking/Content/VirtualRealityBP/Maps/StartM.umap" 493
"E:/Hand_Tracking/Content/VirtualReality/Materials/GenericHMDMaterial.uasset" 494
"E:/Hand_Tracking/Content/VirtualReality/Mannequin/Character/Textures/UE4_Mannequin_MAT_MASKA.uasset" 495
"E:/Hand_Tracking/Content/VirtualReality/Mannequin/Character/Textures/UE4_Mannequin__normals.uasset" 496
"E:/Hand_Tracking/Content/VirtualReality/Mannequin/Character/Materials/M_HandMat.uasset" 497
"E:/Hand_Tracking/Content/VirtualReality/Mannequin/Character/Mesh/MannequinHand_Right.uasset" 498
"../../../Engine/Content/MapTemplates/Sky/DaylightAmbientCubemap.uasset" 499
"E:/Hand_Tracking/Content/VirtualRealityBP/Maps/StartupMap_BuiltData.uasset" 500
"E:/Hand_Tracking/Content/VirtualReality/Meshes/GenericHMD.uasset" 501
"E:/Hand_Tracking/Content/VirtualRealityBP/Maps/StartupMap.umap" 502
"E:/Hand_Tracking/Content/Test_Geometry/Test_Textures/grid_box.uasset" 503
"E:/Hand_Tracking/Content/Grid_Box_BP.uasset" 504
"E:/Hand_Tracking/Content/Models/TableMat.uasset" 505
"E:/Hand_Tracking/Content/Test_Geometry/lambert1.uasset" 506
"E:/Hand_Tracking/Content/Test_Geometry/plastic_tube.uasset" 507
"E:/Hand_Tracking/Content/Indication_Gridtube_Blueprint.uasset" 508
"E:/Hand_Tracking/Content/P0.uasset" 509
"E:/Hand_Tracking/Content/P1.uasset" 510
"E:/Hand_Tracking/Content/P2.uasset" 511
"E:/Hand_Tracking/Content/Paper_MM.uasset" 512
"../../../Engine/Content/BasicShapes/Plane.uasset" 513
"E:/Hand_Tracking/Content/Sounds/Sounds_Female/BeepSound.uasset" 514
"E:/Hand_Tracking/Content/Sop_mat/LED_Screen.uasset" 515
"E:/Hand_Tracking/Content/Sop_mat/LED_Mat.uasset" 516
"E:/Hand_Tracking/Content/Materials/MM_SimpleUI.uasset" 517
"E:/Hand_Tracking/Content/VirtualRealityCPP/Blueprints/LED_BP.uasset" 518
"../../../Engine/Content/BasicShapes/Cube.uasset" 519
"E:/Hand_Tracking/Content/Power_Button.uasset" 520
"E:/Hand_Tracking/Content/Sop_mat/Vitrobot_machine/humidifier.uasset" 521
"E:/Hand_Tracking/Content/Sop_mat/Vitrobot_machine/humidifier_1001_OcclusionRoughnessMetallic.uasset" 522
"E:/Hand_Tracking/Content/Sop_mat/Vitrobot_machine/humidifier_1001_Normal.uasset" 523
"E:/Hand_Tracking/Content/Sop_mat/Vitrobot_machine/humidifier_1001_BaseColor.uasset" 524
"E:/Hand_Tracking/Content/Sop_mat/Vitrobot_machine/humidifier_1001_BaseColor_Mat.uasset" 525
"E:/Hand_Tracking/Content/VirtualRealityCPP/Blueprints/BP_Inherited_from_C++/Humidifier.uasset" 526
"E:/Hand_Tracking/Content/Styrofoam_container.uasset" 527
"E:/Hand_Tracking/Content/VirtualReality/Blueprint/WorkstationTrigger1.uasset" 528
"E:/Hand_Tracking/Content/UI/TutorialUI/CP3_UI_RotateArrowMesh.uasset" 529
"E:/Hand_Tracking/Content/UI/TutorialUI/CP3_UI_RArrowMat.uasset" 530
"E:/Hand_Tracking/Content/UI/TutorialUI/UI_RotateArrow_BP.uasset" 531
"E:/Hand_Tracking/Content/Test_Geometry/Test_Textures/WorkStation.uasset" 532
"E:/Hand_Tracking/Content/VirtualRealityBP/Maps/Vitrobot_Barehand_Controll_BuiltData.uasset" 533
"E:/Hand_Tracking/Content/StarterContent/Textures/NewMaterial.uasset" 534
"E:/Hand_Tracking/Content/VirtualRealityCPP/Blueprints/Indication_Button.uasset" 535
"E:/Hand_Tracking/Content/Sounds/Sounds_Female/v9.uasset" 536
"E:/Hand_Tracking/Content/Sounds/Sounds_Female/v8.uasset" 537
"E:/Hand_Tracking/Content/Sounds/Sounds_Female/v7.uasset" 538
"E:/Hand_Tracking/Content/Sounds/Sounds_Female/v6.uasset" 539
"E:/Hand_Tracking/Content/Sounds/Sounds_Female/V50.uasset" 540
"E:/Hand_Tracking/Content/Sounds/Sounds_Female/v5.uasset" 541
"E:/Hand_Tracking/Content/Sounds/Sounds_Female/v49.uasset" 542
"E:/Hand_Tracking/Content/Sounds/Sounds_Female/v48.uasset" 543
"E:/Hand_Tracking/Content/Sounds/Sounds_Female/v47.uasset" 544
"E:/Hand_Tracking/Content/Sounds/Sounds_Female/V46New.uasset" 545
"E:/Hand_Tracking/Content/Sounds/Sounds_Female/v45.uasset" 546
"E:/Hand_Tracking/Content/Sounds/Sounds_Female/v442.uasset" 547
"E:/Hand_Tracking/Content/Sounds/Sounds_Female/v43.uasset" 548
"E:/Hand_Tracking/Content/Sounds/Sounds_Female/v42.uasset" 549
"E:/Hand_Tracking/Content/Sounds/Sounds_Female/v41.uasset" 550
"E:/Hand_Tracking/Content/Sounds/Sounds_Female/V40.uasset" 551
"E:/Hand_Tracking/Content/Sounds/Sounds_Female/v4.uasset" 552
"E:/Hand_Tracking/Content/Sounds/Sounds_Female/v38.uasset" 553
"E:/Hand_Tracking/Content/Sounds/Sounds_Female/v37.uasset" 554
"E:/Hand_Tracking/Content/Sounds/Sounds_Female/v34.uasset" 555
"E:/Hand_Tracking/Content/Sounds/Sounds_Female/v33.uasset" 556
"E:/Hand_Tracking/Content/Sounds/Sounds_Female/v32.uasset" 557
"E:/Hand_Tracking/Content/Sounds/Sounds_Female/v31.uasset" 558
"E:/Hand_Tracking/Content/Sounds/Sounds_Female/v30.uasset" 559
"E:/Hand_Tracking/Content/Sounds/Sounds_Female/v3.uasset" 560
"E:/Hand_Tracking/Content/Sounds/Sounds_Female/v29.uasset" 561
"E:/Hand_Tracking/Content/Sounds/Sounds_Female/v28.uasset" 562
"E:/Hand_Tracking/Content/Sounds/Sounds_Female/v27_5.uasset" 563
"E:/Hand_Tracking/Content/Sounds/Sounds_Female/v27.uasset" 564
"E:/Hand_Tracking/Content/Sounds/Sounds_Female/v26.uasset" 565
"E:/Hand_Tracking/Content/Sounds/Sounds_Female/v23.uasset" 566
"E:/Hand_Tracking/Content/Sounds/Sounds_Female/v22.uasset" 567
"E:/Hand_Tracking/Content/Sounds/Sounds_Female/v21.uasset" 568
"E:/Hand_Tracking/Content/Sounds/Sounds_Female/v20.uasset" 569
"E:/Hand_Tracking/Content/Sounds/Sounds_Female/v2.uasset" 570
"E:/Hand_Tracking/Content/Sounds/Sounds_Female/v19.uasset" 571
"E:/Hand_Tracking/Content/Sounds/Sounds_Female/v18.uasset" 572
"E:/Hand_Tracking/Content/Sounds/Sounds_Female/v16.uasset" 573
"E:/Hand_Tracking/Content/Sounds/Sounds_Female/v15.uasset" 574
"E:/Hand_Tracking/Content/Sounds/Sounds_Female/v14.uasset" 575
"E:/Hand_Tracking/Content/Sounds/Sounds_Female/v13.uasset" 576
"E:/Hand_Tracking/Content/Sounds/Sounds_Female/v12.uasset" 577
"E:/Hand_Tracking/Content/Sounds/Sounds_Female/v11.uasset" 578
"E:/Hand_Tracking/Content/Sounds/Sounds_Female/v10.uasset" 579
"E:/Hand_Tracking/Content/Sounds/Sounds_Female/new_v24.uasset" 580
"E:/Hand_Tracking/Content/Sounds/Sounds_Female/new_v17.uasset" 581
"E:/Hand_Tracking/Content/VirtualRealityCPP/Blueprints/BP_Inherited_from_C++/TextBoard_n_Sound.uasset" 582
"E:/Hand_Tracking/Content/Test_Geometry/defaultMat.uasset" 583
"E:/Hand_Tracking/Content/Test_Geometry/Side_Cover.uasset" 584
"E:/Hand_Tracking/Content/Test_Geometry/NewMaterial.uasset" 585
"E:/Hand_Tracking/Content/VirtualRealityCPP/Blueprints/BP_Inherited_from_C++/SideCoverActor.uasset" 586
"E:/Hand_Tracking/Content/VirtualRealityCPP/Blueprints/BP_Inherited_from_C++/PetridishCoverActor.uasset" 587
"E:/Hand_Tracking/Content/VirtualRealityCPP/Blueprints/BP_Inherited_from_C++/CleanTweezer.uasset" 588
"E:/Hand_Tracking/Content/VirtualRealityCPP/Blueprints/BP_Inherited_from_C++/CleanPetridish.uasset" 589
"E:/Hand_Tracking/Content/Models/lambert26.uasset" 590
"E:/Hand_Tracking/Content/Models/SampleRack.uasset" 591
"E:/Hand_Tracking/Content/VirtualRealityCPP/Blueprints/BP_Inherited_from_C++/CleanLiquidSampleRack.uasset" 592
"E:/Hand_Tracking/Content/Test_Geometry/Test_Textures/GridBoxTweezer.uasset" 593
"E:/Hand_Tracking/Content/VirtualRealityCPP/Blueprints/BP_Inherited_from_C++/CleanGridBoxTweezer.uasset" 594
"E:/Hand_Tracking/Content/VirtualRealityCPP/Blueprints/BP_Inherited_from_C++/CleanDewar.uasset" 595
"E:/Hand_Tracking/Content/VirtualRealityBP/SaveGame/MySaveGame.uasset" 596
"E:/Hand_Tracking/Content/StarterContent/Textures/T_Wood_Oak_N.uasset" 597
"E:/Hand_Tracking/Content/StarterContent/Textures/T_Wood_Oak_D.uasset" 598
"E:/Hand_Tracking/Content/StarterContent/Textures/T_MacroVariation.uasset" 599
"E:/Hand_Tracking/Content/StarterContent/Materials/M_Wood_Oak.uasset" 600
"E:/Hand_Tracking/Content/Models/RoomCeilingMat.uasset" 601
"E:/Hand_Tracking/Content/Models/FloorMesh.uasset" 602
"E:/Hand_Tracking/Content/VirtualRealityBP/Blueprints/Floor_Blueprint.uasset" 603
"E:/Hand_Tracking/Content/Test_Geometry/lambert4SG.uasset" 604
"E:/Hand_Tracking/Content/Test_Geometry/01M_Glass.uasset" 605
"E:/Hand_Tracking/Content/Movies/P4_GJ.uasset" 606
"E:/Hand_Tracking/Content/Models/Textures/small_hood_hood1_OcclusionRoughnessMetallic.uasset" 607
"E:/Hand_Tracking/Content/Models/Textures/small_hood_hood1_Normal.uasset" 608
"E:/Hand_Tracking/Content/Models/Textures/small_hood_hood1_BaseColor.uasset" 609
"E:/Hand_Tracking/Content/Models/Small_Hood_M.uasset" 610
"E:/Hand_Tracking/Content/Models/hood1.uasset" 611
"E:/Hand_Tracking/Content/Models/glass1.uasset" 612
"E:/Hand_Tracking/Content/Models/small_hood.uasset" 613
"E:/Hand_Tracking/Content/Models/Textures/simple_table_simple_table_OcclusionRoughnessMetallic.uasset" 614
"E:/Hand_Tracking/Content/Models/Textures/simple_table_simple_table_Normal.uasset" 615
"E:/Hand_Tracking/Content/Models/Textures/simple_table_simple_table_BaseColor.uasset" 616
"E:/Hand_Tracking/Content/Models/Simple_Table_M.uasset" 617
"E:/Hand_Tracking/Content/Models/simple_table.uasset" 618
"E:/Hand_Tracking/Content/Models/RoomWallMat.uasset" 619
"E:/Hand_Tracking/Content/Models/IlluMat_Inst1.uasset" 620
"E:/Hand_Tracking/Content/Models/IlluMat_Inst.uasset" 621
"E:/Hand_Tracking/Content/Models/RoomMesh.uasset" 622
"E:/Hand_Tracking/Content/Models/defaultMat.uasset" 623
"E:/Hand_Tracking/Content/Models/NewRoomMesh.uasset" 624
"../../../Engine/Content/Functions/Engine_MaterialFunctions02/Utility/VectorLength.uasset" 625
"E:/Hand_Tracking/Content/Materials/MF_SampleSceneTextureNeighbourUVs.uasset" 626
"E:/Hand_Tracking/Content/Materials/MF_ExtractDepth.uasset" 627
"../../../Engine/Content/Functions/Engine_MaterialFunctions02/SplitComponents.uasset" 628
"E:/Hand_Tracking/Content/Materials/MF_ConvolveTexture.uasset" 629
"E:/Hand_Tracking/Content/Materials/PP_Outliner_M.uasset" 630
"E:/Hand_Tracking/Content/Materials/PP_Outliner_Inst.uasset" 631
"E:/Hand_Tracking/Content/Hands/Models/RightHand_Stylus.uasset" 632
"E:/Hand_Tracking/Content/Hands/Models/RightHand_Pipette.uasset" 633
"E:/Hand_Tracking/Content/Hands/Models/RightHand_Hold.uasset" 634
"E:/Hand_Tracking/Content/UI_Elements/Score_UI.uasset" 635
"E:/Hand_Tracking/Content/CryoVR_GeneralContent/Blueprints/BPC_PlayerInputRecorder.uasset" 636
"E:/Hand_Tracking/Content/CryoVR_GeneralContent/UI_Loading_Message.uasset" 637
"E:/Hand_Tracking/Content/CryoVR_GeneralContent/UI_Autosave_Message.uasset" 638
"E:/Hand_Tracking/Content/CryoVR_GeneralContent/UI_Viewport_Screen.uasset" 639
"E:/Hand_Tracking/Content/VirtualRealityBP/Blueprints/MotionControllerPawn.uasset" 640
"E:/Hand_Tracking/Content/CryoVR_GeneralContent/Menu/UndoButton.uasset" 641
"E:/Hand_Tracking/Content/CryoVR_GeneralContent/Menu/MenuBar_inGame.uasset" 642
"E:/Hand_Tracking/Content/CryoVR_GeneralContent/Menu/Adjust_Height.uasset" 643
"E:/Hand_Tracking/Content/CryoVR_GeneralContent/UI/CP3_UI_ForwardArrowMesh.uasset" 644
"E:/Hand_Tracking/Content/CryoVR_GeneralContent/UI/arrow.uasset" 645
"E:/Hand_Tracking/Content/CryoVR_GeneralContent/UI/CP3_UI_FArrowMat.uasset" 646
"E:/Hand_Tracking/Content/CryoVR_GeneralContent/Blueprints/BP_ForwardArrow.uasset" 647
"E:/Hand_Tracking/Content/CryoVR_GeneralContent/Blueprints/BP_PlayBackMotionController.uasset" 648
"E:/Hand_Tracking/Content/CryoVR_GeneralContent/Blueprints/BPC_PlayBackController.uasset" 649
"E:/Hand_Tracking/Content/CryoVR_GeneralContent/Blueprints/BP_PlayBackCharacter.uasset" 650
"E:/Hand_Tracking/Content/VirtualRealityBP/Maps/Vitrobot_Barehand_Controll.umap" 651
"../../../Engine/Content/Maps/Entry_BuiltData.uasset" 652
"../../../Engine/Content/Maps/Entry.umap" 653
